Arguments: 
  C:\Program Files\nodejs\node.exe C:\Program Files (x86)\Yarn\bin\yarn.js install

PATH: 
  C:\Users\luo0412\AppData\Roaming\npm\node_modules\npm\node_modules\npm-lifecycle\node-gyp-bin;F:\workspace-myself\natural-cli\_ie8-mvvm\webpack3-regular-fisherzh-ie8-spa\node_modules\.bin;C:\Python27\;C:\Python27\Scripts;C:\ProgramData\Boxstarter;C:\ProgramData\Oracle\Java\javapath;C:\WINDOWS\system32;C:\WINDOWS;C:\WINDOWS\System32\Wbem;C:\WINDOWS\System32\WindowsPowerShell\v1.0\;C:\Program Files\PuTTY\;C:\Program Files\Git\cmd;C:\Program Files\dotnet\;C:\Program Files\Microsoft SQL Server\130\Tools\Binn\;D:\java\apache-tomcat-8.0.39\bin;C:\Program Files\TortoiseSVN\bin;D:\java\apache-activemq-5.10\bin\win64;C:\Program Files\OpenVPN\bin;C:\WINDOWS\System32\OpenSSH\;C:\Program Files\MySQL\MySQL Utilities 1.6\;C:\Program Files\Microsoft VS Code\bin;C:\Program Files (x86)\dotnet\;C:\Program Files (x86)\Yarn\bin\;C:\ProgramData\chocolatey\bin;C:\Users\luo0412\AppData\Roaming\nvm;C:\Program Files\nodejs;C:\Users\luo0412\AppData\Roaming\nvm;C:\Users\luo0412\AppData\Local\Programs\Python\Python37-32\Scripts\;C:\Users\luo0412\AppData\Local\Programs\Python\Python37-32\;C:\Users\luo0412\AppData\Local\Programs\Python\Python36-32\Scripts\;C:\Users\luo0412\AppData\Local\Programs\Python\Python36-32\;C:\Program Files\Microsoft VS Code\bin;D:\java\apache-maven-3.5.0\bin;D:\java\apache-tomcat-8.0.39\bin;C:\Users\luo0412\AppData\Local\Microsoft\WindowsApps;C:\Users\luo0412\AppData\Local\Programs\Fiddler;C:\Users\luo0412\AppData\Local\Microsoft\WindowsApps;C:\Users\luo0412\AppData\Local\Programs\Microsoft VS Code\bin;D:\java\gradle-4.9\bin;C:\Program Files\MongoDB\Server\3.4\bin;C:\Program Files\Java\jdk1.8.0_152\bin;C:\Users\luo0412\AppData\Local\Yarn\bin;C:\Users\luo0412\AppData\Roaming\npm;C:\Users\luo0412\AppData\Roaming\nvm;C:\Program Files\nodejs

Yarn version: 
  1.12.0

Node version: 
  8.11.3

Platform: 
  win32 x64

Trace: 
  Error: ENOENT: no such file or directory, copyfile 'C:\Users\luo0412\AppData\Local\Yarn\Cache\v3\npm-inherits-2.0.1-b17d08d326b4423e568eff719f91b0b1cbdf69f1\node_modules\inherits\LICENSE' -> 'F:\workspace-myself\natural-cli\_ie8-mvvm\webpack3-regular-fisherzh-ie8-spa\node_modules\assert\node_modules\inherits\LICENSE'

npm manifest: 
  {
    "name": "webpack-regualar",
    "version": "1.0.0",
    "description": "webpack for regular demo",
    "main": "index.js",
    "scripts": {
      "install:yarn": "yarn install",
      "remove": "rimraf node_modules",
      "preview": "serve -s dist -p 9567",
  
      "test": "echo \"Error: no test specified\" && exit 1",
      "dev": "node build/dev-server.js",
      "build": "node build/build.js"
    },
    "keywords": [],
    "author": "",
    "license": "ISC",
    "devDependencies": {
      "babel-core": "^6.26.0",
      "babel-loader": "^7.1.2",
      "babel-plugin-transform-es3-member-expression-literals": "^6.22.0",
      "babel-plugin-transform-es3-property-literals": "^6.22.0",
      "babel-plugin-transform-runtime": "^6.23.0",
      "babel-preset-env": "^1.6.0",
      "babel-preset-es2015": "^6.24.1",
      "file-loader": "^0.11.2",
      "html-webpack-plugin": "^2.30.1",
      "http-proxy-middleware": "^0.17.4",
      "url-loader": "^0.5.9",
      "webpack": "^3.6.0",
      "webpack-dev-middleware": "^1.12.0",
      "webpack-dev-server": "^2.7.1",
      "webpack-hot-middleware": "^2.19.1"
    },
    "dependencies": {
      "babel-polyfill": "^6.26.0",
      "babel-runtime": "^6.26.0",
      "css-loader": "^0.28.7",
      "express": "^4.15.4",
      "lodash": "^4.17.4",
      "opn": "^5.1.0",
      "ora": "^1.3.0",
      "regularjs": "^0.6.0-beta.6",
      "spinner": "^0.3.4",
      "style-loader": "^0.18.2",
      "webpack-dev-server": "^2.8.2",
      "webpack-merge": "^4.1.0"
    }
  }

yarn manifest: 
  No manifest

Lockfile: 
  No lockfile
